<?xml version="1.0" encoding="UTF-8"?>
<!-- Generated by org.testng.reporters.JUnitReportReporter -->
<testsuite hostname="LAPTOP-0JGIH66L" failures="0" tests="2" name="testall.testbrowser" time="7.811" errors="0" timestamp="2024-02-29T19:17:53 GMT" skipped="0">
  <testcase classname="testall.testbrowser" name="testParameterWithXML" time="4.222"/>
  <testcase classname="testall.testbrowser" name="testParameterWithXML" time="3.589"/>
</testsuite> <!-- testall.testbrowser -->
